/Users/CyrusAnderson/Documents/Team_Avatar/new_pics/tommy_pics/first100/1414787615126.png 4 41 35 46 34 44 122 50 39 217 25 60 43 85 196 50 39
/Users/CyrusAnderson/Documents/Team_Avatar/new_pics/tommy_pics/first100/1414787618140.png 4 564 177 41 43 217 206 42 30 26 113 47 44 208 289 57 46
/Users/CyrusAnderson/Documents/Team_Avatar/new_pics/tommy_pics/first100/1414787619562.png 4 336 137 51 42 104 148 59 40 294 368 104 72 481 303 63 51
/Users/CyrusAnderson/Documents/Team_Avatar/new_pics/tommy_pics/first100/1414787626091.png 3 23 322 95 83 194 174 70 61 525 56 77 67
/Users/CyrusAnderson/Documents/Team_Avatar/new_pics/tommy_pics/first100/1414787887403.png 3 539 92 67 43 5 31 76 71 40 331 84 65
/Users/CyrusAnderson/Documents/Team_Avatar/new_pics/tommy_pics/first100/1414787887603.png 2 195 334 85 74 310 17 72 60
/Users/CyrusAnderson/Documents/Team_Avatar/new_pics/tommy_pics/first100/1414787889779.png 1 143 246 54 50
/Users/CyrusAnderson/Documents/Team_Avatar/new_pics/tommy_pics/first100/1414787890067.png 2 23 360 88 83 513 295 106 91
/Users/CyrusAnderson/Documents/Team_Avatar/new_pics/tommy_pics/first100/1414787890523.png 2 263 322 106 78 47 352 117 81
/Users/CyrusAnderson/Documents/Team_Avatar/new_pics/tommy_pics/first100/1414787891251.png 2 21 167 85 54 248 193 57 53
/Users/CyrusAnderson/Documents/Team_Avatar/new_pics/tommy_pics/first100/1414787891651.png 2 9 180 54 48 49 381 89 53
/Users/CyrusAnderson/Documents/Team_Avatar/new_pics/tommy_pics/first100/1414787893115.png 3 175 381 116 76 22 124 99 75 452 294 85 70
/Users/CyrusAnderson/Documents/Team_Avatar/new_pics/tommy_pics/first100/1414787893347.png 2 72 338 133 91 197 110 86 62
/Users/CyrusAnderson/Documents/Team_Avatar/new_pics/tommy_pics/first100/1414787893547.png 2 214 355 118 77 406 300 93 55
/Users/CyrusAnderson/Documents/Team_Avatar/new_pics/tommy_pics/first100/1414787893739.png 1 42 353 150 81
/Users/CyrusAnderson/Documents/Team_Avatar/new_pics/tommy_pics/first100/1414787894827.png 2 29 308 119 94 425 231 104 60
/Users/CyrusAnderson/Documents/Team_Avatar/new_pics/tommy_pics/first100/1414787895011.png 2 18 24 90 71 205 91 114 78
/Users/CyrusAnderson/Documents/Team_Avatar/new_pics/tommy_pics/first100/1414787897219.png 3 237 348 139 86 391 356 124 86 79 387 144 86
/Users/CyrusAnderson/Documents/Team_Avatar/new_pics/tommy_pics/first100/1414787897411.png 3 336 388 106 75 452 314 116 89 86 31 99 66
/Users/CyrusAnderson/Documents/Team_Avatar/new_pics/tommy_pics/first100/1414787897598.png 2 421 8 86 68 521 7 87 78
/Users/CyrusAnderson/Documents/Team_Avatar/new_pics/tommy_pics/first100/1414787897779.png 2 240 19 106 90 365 31 90 75
/Users/CyrusAnderson/Documents/Team_Avatar/new_pics/tommy_pics/first100/1414787915667.png 2 77 262 72 51 210 284 79 61
/Users/CyrusAnderson/Documents/Team_Avatar/new_pics/tommy_pics/first100/1414787915827.png 2 151 308 123 84 362 286 128 105
/Users/CyrusAnderson/Documents/Team_Avatar/new_pics/tommy_pics/first100/1414787916003.png 2 29 338 130 108 247 342 163 116
/Users/CyrusAnderson/Documents/Team_Avatar/new_pics/tommy_pics/first100/1414787916131.png 2 32 81 113 86 188 135 95 73
/Users/CyrusAnderson/Documents/Team_Avatar/new_pics/tommy_pics/first100/1414787917227.png 3 31 182 85 67 90 370 75 46 409 136 90 75
/Users/CyrusAnderson/Documents/Team_Avatar/new_pics/tommy_pics/first100/1414787917395.png 3 483 160 79 61 259 156 97 55 126 158 80 64
/Users/CyrusAnderson/Documents/Team_Avatar/new_pics/tommy_pics/first100/1414787917547.png 2 362 229 46 29 190 244 65 52
/Users/CyrusAnderson/Documents/Team_Avatar/new_pics/tommy_pics/first100/1414787919219.png 2 525 357 114 101 453 15 125 88
/Users/CyrusAnderson/Documents/Team_Avatar/new_pics/tommy_pics/first100/1414787919395.png 2 407 117 97 89 333 215 94 56
/Users/CyrusAnderson/Documents/Team_Avatar/new_pics/tommy_pics/first100/1414787919587.png 2 398 158 89 63 310 344 67 38
/Users/CyrusAnderson/Documents/Team_Avatar/new_pics/tommy_pics/first100/1414787922835.png 2 519 127 80 52 94 19 96 78
/Users/CyrusAnderson/Documents/Team_Avatar/new_pics/tommy_pics/first100/1414787923011.png 2 41 332 125 104 297 244 107 67
/Users/CyrusAnderson/Documents/Team_Avatar/new_pics/tommy_pics/first100/1414787925781.png 2 85 261 100 57 198 358 122 104
/Users/CyrusAnderson/Documents/Team_Avatar/new_pics/tommy_pics/first100/1414787925939.png 2 366 225 110 67 505 229 110 79
/Users/CyrusAnderson/Documents/Team_Avatar/new_pics/tommy_pics/first100/1414787927483.png 2 53 350 161 94 224 110 126 105
/Users/CyrusAnderson/Documents/Team_Avatar/new_pics/tommy_pics/first100/1414787927699.png 2 207 337 162 101 373 74 137 104
/Users/CyrusAnderson/Documents/Team_Avatar/new_pics/tommy_pics/first100/1414787929387.png 3 197 147 86 56 68 138 91 65 250 208 72 68
/Users/CyrusAnderson/Documents/Team_Avatar/new_pics/tommy_pics/first100/1414787929595.png 2 342 188 87 52 509 152 90 60
/Users/CyrusAnderson/Documents/Team_Avatar/new_pics/tommy_pics/first100/1414787929819.png 2 14 89 99 94 183 96 107 102
/Users/CyrusAnderson/Documents/Team_Avatar/new_pics/tommy_pics/first100/1414787931795.png 2 363 108 115 107 502 27 121 136
/Users/CyrusAnderson/Documents/Team_Avatar/new_pics/tommy_pics/first100/1414787932011.png 2 39 133 123 73 209 156 127 105
/Users/CyrusAnderson/Documents/Team_Avatar/new_pics/tommy_pics/first100/1414787932203.png 2 11 159 115 110 145 203 89 85
/Users/CyrusAnderson/Documents/Team_Avatar/new_pics/tommy_pics/first100/1414787932371.png 2 152 166 105 71 202 20 132 80
/Users/CyrusAnderson/Documents/Team_Avatar/new_pics/tommy_pics/first100/1414787936411.png 2 12 369 111 89 98 267 111 96
/Users/CyrusAnderson/Documents/Team_Avatar/new_pics/tommy_pics/first100/1414787936627.png 2 106 380 114 97 9 297 104 74
/Users/CyrusAnderson/Documents/Team_Avatar/new_pics/tommy_pics/first100/1414787936835.png 2 20 369 142 96 228 331 114 100
/Users/CyrusAnderson/Documents/Team_Avatar/new_pics/tommy_pics/first100/1414787937035.png 2 273 339 151 110 131 252 61 49
/Users/CyrusAnderson/Documents/Team_Avatar/new_pics/tommy_pics/first100/1414787941955.png 2 236 60 112 86 404 147 101 86
/Users/CyrusAnderson/Documents/Team_Avatar/new_pics/tommy_pics/first100/1414787942155.png 2 538 154 91 95 198 82 135 103
/Users/CyrusAnderson/Documents/Team_Avatar/new_pics/tommy_pics/first100/1414787942363.png 2 315 158 114 94 477 95 96 101
/Users/CyrusAnderson/Documents/Team_Avatar/new_pics/tommy_pics/first100/1414787942587.png 2 447 44 60 137 519 13 117 119
/Users/CyrusAnderson/Documents/Team_Avatar/new_pics/tommy_pics/first100/1414788182027.png 4 491 76 106 78 321 35 148 101 53 184 117 73 260 194 65 41
/Users/CyrusAnderson/Documents/Team_Avatar/new_pics/tommy_pics/first100/1414788182195.png 3 458 195 53 49 507 282 53 45 38 190 82 46
/Users/CyrusAnderson/Documents/Team_Avatar/new_pics/tommy_pics/first100/1414788182379.png 2 139 183 72 54 380 275 46 29
